SF:lib/src/utils/disposable.dart
DA:9,2
DA:15,2
DA:16,2
DA:17,2
DA:24,2
DA:25,2
DA:26,2
LF:7
LH:7
end_of_record
SF:lib/src/debouncer.dart
DA:68,1
DA:74,1
DA:80,1
DA:88,8
DA:94,2
DA:95,2
DA:97,2
DA:99,4
DA:100,2
DA:101,5
DA:102,4
DA:103,2
DA:105,2
DA:106,2
DA:107,2
DA:108,2
DA:110,7
DA:116,5
DA:117,4
DA:122,1
DA:123,1
DA:124,2
DA:125,1
DA:126,4
DA:127,1
DA:134,2
DA:136,4
DA:137,2
DA:138,4
DA:141,0
DA:143,0
LF:31
LH:29
end_of_record
SF:lib/src/debouncer_config.dart
DA:18,3
DA:24,2
DA:28,1
DA:34,1
DA:35,0
DA:36,1
DA:37,1
DA:38,1
DA:42,0
DA:44,0
LF:10
LH:7
end_of_record
SF:lib/src/extensions.dart
DA:29,1
DA:34,1
DA:39,2
DA:54,1
DA:60,1
DA:65,1
DA:67,3
LF:7
LH:7
end_of_record
SF:lib/src/debouncer_mixin.dart
DA:38,0
DA:41,1
DA:44,1
DA:47,1
DA:49,3
DA:50,1
DA:51,1
DA:52,2
DA:54,1
DA:55,1
DA:56,1
DA:60,3
DA:63,0
DA:66,0
DA:68,1
DA:70,2
DA:71,1
DA:72,1
LF:18
LH:15
end_of_record
SF:lib/src/strategy/both_edge_strategy.dart
DA:19,1
DA:21,1
DA:28,0
DA:30,0
DA:33,4
DA:34,1
DA:35,1
DA:40,1
LF:8
LH:6
end_of_record
SF:lib/src/strategy/debounce_strategy.dart
DA:26,7
LF:1
LH:1
end_of_record
SF:lib/src/strategy/leading_edge_strategy.dart
DA:18,1
DA:20,1
DA:27,1
DA:28,1
DA:31,5
DA:34,1
LF:6
LH:6
end_of_record
SF:lib/src/strategy/trailing_edge_strategy.dart
DA:19,6
DA:21,2
DA:28,2
DA:29,6
LF:4
LH:4
end_of_record
SF:lib/src/utils/debouncer_logger.dart
DA:37,1
DA:43,1
DA:44,1
DA:45,2
DA:48,1
DA:49,3
DA:50,2
DA:53,1
DA:54,3
DA:55,3
DA:58,4
LF:11
LH:11
end_of_record
SF:lib/src/utils/lifecycle_hooks.dart
DA:27,1
LF:1
LH:1
end_of_record
